2024-07-25T00:04:37.516+09:00  INFO 10956 --- [blog] [restartedMain] com.kgy.blog.BlogApplication             : Starting BlogApplication using Java 17.0.12 with PID 10956 (C:\Users\Admin\IdeaProjects\blog\build\classes\java\main started by Admin in C:\Users\Admin\IdeaProjects\blog)
2024-07-25T00:04:37.521+09:00  INFO 10956 --- [blog] [restartedMain] com.kgy.blog.BlogApplication             : No active profile set, falling back to 1 default profile: "default"
2024-07-25T00:04:37.551+09:00  INFO 10956 --- [blog] [restartedMain] .e.DevToolsPropertyDefaultsPostProcessor : Devtools property defaults active! Set 'spring.devtools.add-properties' to 'false' to disable
2024-07-25T00:04:37.552+09:00  INFO 10956 --- [blog] [restartedMain] .e.DevToolsPropertyDefaultsPostProcessor : For additional web related logging consider setting the 'logging.level.web' property to 'DEBUG'
2024-07-25T00:04:37.992+09:00  WARN 10956 --- [blog] [restartedMain] o.m.s.mapper.ClassPathMapperScanner      : No MyBatis mapper was found in '[com.kgy.blog]' package. Please check your configuration.
2024-07-25T00:04:38.079+09:00  WARN 10956 --- [blog] [restartedMain] trationDelegate$BeanPostProcessorChecker : Bean 'org.springframework.ws.config.annotation.DelegatingWsConfiguration' of type [org.springframework.ws.config.annotation.DelegatingWsConfiguration$$SpringCGLIB$$0] is not eligible for getting processed by all BeanPostProcessors (for example: not eligible for auto-proxying). The currently created BeanPostProcessor [annotationActionEndpointMapping] is declared through a non-static factory method on that class; consider declaring it as static instead.
2024-07-25T00:04:38.098+09:00  INFO 10956 --- [blog] [restartedMain] .w.s.a.s.AnnotationActionEndpointMapping : Supporting [WS-Addressing August 2004, WS-Addressing 1.0]
2024-07-25T00:04:38.253+09:00  INFO 10956 --- [blog] [restartedMain] o.s.b.w.embedded.tomcat.TomcatWebServer  : Tomcat initialized with port 9091 (http)
2024-07-25T00:04:38.261+09:00  INFO 10956 --- [blog] [restartedMain] o.apache.catalina.core.StandardService   : Starting service [Tomcat]
2024-07-25T00:04:38.262+09:00  INFO 10956 --- [blog] [restartedMain] o.apache.catalina.core.StandardEngine    : Starting Servlet engine: [Apache Tomcat/10.1.26]
2024-07-25T00:04:38.296+09:00  INFO 10956 --- [blog] [restartedMain] o.a.c.c.C.[Tomcat].[localhost].[/]       : Initializing Spring embedded WebApplicationContext
2024-07-25T00:04:38.296+09:00  INFO 10956 --- [blog] [restartedMain] w.s.c.ServletWebServerApplicationContext : Root WebApplicationContext: initialization completed in 744 ms
2024-07-25T00:04:38.504+09:00  WARN 10956 --- [blog] [restartedMain] ConfigServletWebServerApplicationContext : Exception encountered during context initialization - cancelling refresh attempt: org.springframework.beans.factory.BeanCreationException: Error creating bean with name 'dataSource' defined in class path resource [org/springframework/boot/autoconfigure/jdbc/DataSourceConfiguration$Hikari.class]: Failed to instantiate [com.zaxxer.hikari.HikariDataSource]: Factory method 'dataSource' threw exception with message: Failed to determine a suitable driver class
2024-07-25T00:04:38.505+09:00  INFO 10956 --- [blog] [restartedMain] o.apache.catalina.core.StandardService   : Stopping service [Tomcat]
2024-07-25T00:04:38.516+09:00  INFO 10956 --- [blog] [restartedMain] .s.b.a.l.ConditionEvaluationReportLogger : 

Error starting ApplicationContext. To display the condition evaluation report re-run your application with 'debug' enabled.
2024-07-25T00:04:38.530+09:00 ERROR 10956 --- [blog] [restartedMain] o.s.b.d.LoggingFailureAnalysisReporter   : 

***************************
APPLICATION FAILED TO START
***************************

Description:

Failed to configure a DataSource: 'url' attribute is not specified and no embedded datasource could be configured.

Reason: Failed to determine a suitable driver class


Action:

Consider the following:
	If you want an embedded database (H2, HSQL or Derby), please put it on the classpath.
	If you have database settings to be loaded from a particular profile you may need to activate it (no profiles are currently active).

2024-07-25T00:08:40.744+09:00  INFO 1800 --- [blog] [restartedMain] com.kgy.blog.BlogApplication             : Starting BlogApplication using Java 17.0.12 with PID 1800 (C:\Users\Admin\IdeaProjects\blog\build\classes\java\main started by Admin in C:\Users\Admin\IdeaProjects\blog)
2024-07-25T00:08:40.745+09:00  INFO 1800 --- [blog] [restartedMain] com.kgy.blog.BlogApplication             : No active profile set, falling back to 1 default profile: "default"
2024-07-25T00:08:40.770+09:00  INFO 1800 --- [blog] [restartedMain] .e.DevToolsPropertyDefaultsPostProcessor : Devtools property defaults active! Set 'spring.devtools.add-properties' to 'false' to disable
2024-07-25T00:08:40.770+09:00  INFO 1800 --- [blog] [restartedMain] .e.DevToolsPropertyDefaultsPostProcessor : For additional web related logging consider setting the 'logging.level.web' property to 'DEBUG'
2024-07-25T00:08:41.193+09:00  WARN 1800 --- [blog] [restartedMain] o.m.s.mapper.ClassPathMapperScanner      : No MyBatis mapper was found in '[com.kgy.blog]' package. Please check your configuration.
2024-07-25T00:08:41.285+09:00  WARN 1800 --- [blog] [restartedMain] trationDelegate$BeanPostProcessorChecker : Bean 'org.springframework.ws.config.annotation.DelegatingWsConfiguration' of type [org.springframework.ws.config.annotation.DelegatingWsConfiguration$$SpringCGLIB$$0] is not eligible for getting processed by all BeanPostProcessors (for example: not eligible for auto-proxying). The currently created BeanPostProcessor [annotationActionEndpointMapping] is declared through a non-static factory method on that class; consider declaring it as static instead.
2024-07-25T00:08:41.307+09:00  INFO 1800 --- [blog] [restartedMain] .w.s.a.s.AnnotationActionEndpointMapping : Supporting [WS-Addressing August 2004, WS-Addressing 1.0]
2024-07-25T00:08:41.472+09:00  INFO 1800 --- [blog] [restartedMain] o.s.b.w.embedded.tomcat.TomcatWebServer  : Tomcat initialized with port 9091 (http)
2024-07-25T00:08:41.480+09:00  INFO 1800 --- [blog] [restartedMain] o.apache.catalina.core.StandardService   : Starting service [Tomcat]
2024-07-25T00:08:41.480+09:00  INFO 1800 --- [blog] [restartedMain] o.apache.catalina.core.StandardEngine    : Starting Servlet engine: [Apache Tomcat/10.1.26]
2024-07-25T00:08:41.513+09:00  INFO 1800 --- [blog] [restartedMain] o.a.c.c.C.[Tomcat].[localhost].[/]       : Initializing Spring embedded WebApplicationContext
2024-07-25T00:08:41.513+09:00  INFO 1800 --- [blog] [restartedMain] w.s.c.ServletWebServerApplicationContext : Root WebApplicationContext: initialization completed in 742 ms
2024-07-25T00:08:41.820+09:00  INFO 1800 --- [blog] [restartedMain] o.s.b.d.a.OptionalLiveReloadServer       : LiveReload server is running on port 35729
2024-07-25T00:08:41.844+09:00  INFO 1800 --- [blog] [restartedMain] o.s.b.w.embedded.tomcat.TomcatWebServer  : Tomcat started on port 9091 (http) with context path '/'
2024-07-25T00:08:41.850+09:00  INFO 1800 --- [blog] [restartedMain] com.kgy.blog.BlogApplication             : Started BlogApplication in 1.359 seconds (process running for 1.732)
